Start testing: Sep 20 12:15 CEST
----------------------------------------------------------
1/8 Testing: MakeSumTest.IdenticalSum
1/8 Test: MakeSumTest.IdenticalSum
Command: "/Users/rasat1/Documents/code/projects/spinor_algebra/build/spinor_tests" "--gtest_filter=MakeSumTest.IdenticalSum" "--gtest_also_run_disabled_tests"
Directory: /Users/rasat1/Documents/code/projects/spinor_algebra/build
"MakeSumTest.IdenticalSum" start time: Sep 20 12:15 CEST
Output:
----------------------------------------------------------
Running main() from /Users/rasat1/Documents/code/projects/spinor_algebra/build/_deps/googletest-src/googletest/src/gtest_main.cc
Note: Google Test filter = MakeSumTest.IdenticalSum
[==========] Running 1 test from 1 test suite.
[----------] Global test environment set-up.
[----------] 1 test from MakeSumTest
[ RUN      ] MakeSumTest.IdenticalSum
2*<3 1>
[       OK ] MakeSumTest.IdenticalSum (0 ms)
[----------] 1 test from MakeSumTest (0 ms total)

[----------] Global test environment tear-down
[==========] 1 test from 1 test suite ran. (0 ms total)
[  PASSED  ] 1 test.
<end of output>
Test time =   0.01 sec
----------------------------------------------------------
Test Passed.
"MakeSumTest.IdenticalSum" end time: Sep 20 12:15 CEST
"MakeSumTest.IdenticalSum" time elapsed: 00:00:00
----------------------------------------------------------

2/8 Testing: MakeSumTest.Cancellation
2/8 Test: MakeSumTest.Cancellation
Command: "/Users/rasat1/Documents/code/projects/spinor_algebra/build/spinor_tests" "--gtest_filter=MakeSumTest.Cancellation" "--gtest_also_run_disabled_tests"
Directory: /Users/rasat1/Documents/code/projects/spinor_algebra/build
"MakeSumTest.Cancellation" start time: Sep 20 12:15 CEST
Output:
----------------------------------------------------------
Running main() from /Users/rasat1/Documents/code/projects/spinor_algebra/build/_deps/googletest-src/googletest/src/gtest_main.cc
Note: Google Test filter = MakeSumTest.Cancellation
[==========] Running 1 test from 1 test suite.
[----------] Global test environment set-up.
[----------] 1 test from MakeSumTest
[ RUN      ] MakeSumTest.Cancellation
0
[       OK ] MakeSumTest.Cancellation (0 ms)
[----------] 1 test from MakeSumTest (0 ms total)

[----------] Global test environment tear-down
[==========] 1 test from 1 test suite ran. (0 ms total)
[  PASSED  ] 1 test.
<end of output>
Test time =   0.01 sec
----------------------------------------------------------
Test Passed.
"MakeSumTest.Cancellation" end time: Sep 20 12:15 CEST
"MakeSumTest.Cancellation" time elapsed: 00:00:00
----------------------------------------------------------

3/8 Testing: MakeSumTest.BasicSum
3/8 Test: MakeSumTest.BasicSum
Command: "/Users/rasat1/Documents/code/projects/spinor_algebra/build/spinor_tests" "--gtest_filter=MakeSumTest.BasicSum" "--gtest_also_run_disabled_tests"
Directory: /Users/rasat1/Documents/code/projects/spinor_algebra/build
"MakeSumTest.BasicSum" start time: Sep 20 12:15 CEST
Output:
----------------------------------------------------------
Running main() from /Users/rasat1/Documents/code/projects/spinor_algebra/build/_deps/googletest-src/googletest/src/gtest_main.cc
Note: Google Test filter = MakeSumTest.BasicSum
[==========] Running 1 test from 1 test suite.
[----------] Global test environment set-up.
[----------] 1 test from MakeSumTest
[ RUN      ] MakeSumTest.BasicSum
(<3 1> + <4 2>)
[       OK ] MakeSumTest.BasicSum (0 ms)
[----------] 1 test from MakeSumTest (0 ms total)

[----------] Global test environment tear-down
[==========] 1 test from 1 test suite ran. (0 ms total)
[  PASSED  ] 1 test.
<end of output>
Test time =   0.01 sec
----------------------------------------------------------
Test Passed.
"MakeSumTest.BasicSum" end time: Sep 20 12:15 CEST
"MakeSumTest.BasicSum" time elapsed: 00:00:00
----------------------------------------------------------

4/8 Testing: MakeSumTest.MultipleSums
4/8 Test: MakeSumTest.MultipleSums
Command: "/Users/rasat1/Documents/code/projects/spinor_algebra/build/spinor_tests" "--gtest_filter=MakeSumTest.MultipleSums" "--gtest_also_run_disabled_tests"
Directory: /Users/rasat1/Documents/code/projects/spinor_algebra/build
"MakeSumTest.MultipleSums" start time: Sep 20 12:15 CEST
Output:
----------------------------------------------------------
Running main() from /Users/rasat1/Documents/code/projects/spinor_algebra/build/_deps/googletest-src/googletest/src/gtest_main.cc
Note: Google Test filter = MakeSumTest.MultipleSums
[==========] Running 1 test from 1 test suite.
[----------] Global test environment set-up.
[----------] 1 test from MakeSumTest
[ RUN      ] MakeSumTest.MultipleSums
(2*<3 1> + -1*[3 2])
[       OK ] MakeSumTest.MultipleSums (0 ms)
[----------] 1 test from MakeSumTest (0 ms total)

[----------] Global test environment tear-down
[==========] 1 test from 1 test suite ran. (0 ms total)
[  PASSED  ] 1 test.
<end of output>
Test time =   0.01 sec
----------------------------------------------------------
Test Passed.
"MakeSumTest.MultipleSums" end time: Sep 20 12:15 CEST
"MakeSumTest.MultipleSums" time elapsed: 00:00:00
----------------------------------------------------------

5/8 Testing: MakeProductTest.SimpleProduct
5/8 Test: MakeProductTest.SimpleProduct
Command: "/Users/rasat1/Documents/code/projects/spinor_algebra/build/spinor_tests" "--gtest_filter=MakeProductTest.SimpleProduct" "--gtest_also_run_disabled_tests"
Directory: /Users/rasat1/Documents/code/projects/spinor_algebra/build
"MakeProductTest.SimpleProduct" start time: Sep 20 12:15 CEST
Output:
----------------------------------------------------------
Running main() from /Users/rasat1/Documents/code/projects/spinor_algebra/build/_deps/googletest-src/googletest/src/gtest_main.cc
Note: Google Test filter = MakeProductTest.SimpleProduct
[==========] Running 1 test from 1 test suite.
[----------] Global test environment set-up.
[----------] 1 test from MakeProductTest
[ RUN      ] MakeProductTest.SimpleProduct
4*<4 1>[1 0]
[       OK ] MakeProductTest.SimpleProduct (0 ms)
[----------] 1 test from MakeProductTest (0 ms total)

[----------] Global test environment tear-down
[==========] 1 test from 1 test suite ran. (0 ms total)
[  PASSED  ] 1 test.
<end of output>
Test time =   0.01 sec
----------------------------------------------------------
Test Passed.
"MakeProductTest.SimpleProduct" end time: Sep 20 12:15 CEST
"MakeProductTest.SimpleProduct" time elapsed: 00:00:00
----------------------------------------------------------

6/8 Testing: MakeProductTest.NullProducts
6/8 Test: MakeProductTest.NullProducts
Command: "/Users/rasat1/Documents/code/projects/spinor_algebra/build/spinor_tests" "--gtest_filter=MakeProductTest.NullProducts" "--gtest_also_run_disabled_tests"
Directory: /Users/rasat1/Documents/code/projects/spinor_algebra/build
"MakeProductTest.NullProducts" start time: Sep 20 12:15 CEST
Output:
----------------------------------------------------------
Running main() from /Users/rasat1/Documents/code/projects/spinor_algebra/build/_deps/googletest-src/googletest/src/gtest_main.cc
Note: Google Test filter = MakeProductTest.NullProducts
[==========] Running 1 test from 1 test suite.
[----------] Global test environment set-up.
[----------] 1 test from MakeProductTest
[ RUN      ] MakeProductTest.NullProducts
0
[       OK ] MakeProductTest.NullProducts (0 ms)
[----------] 1 test from MakeProductTest (0 ms total)

[----------] Global test environment tear-down
[==========] 1 test from 1 test suite ran. (0 ms total)
[  PASSED  ] 1 test.
<end of output>
Test time =   0.01 sec
----------------------------------------------------------
Test Passed.
"MakeProductTest.NullProducts" end time: Sep 20 12:15 CEST
"MakeProductTest.NullProducts" time elapsed: 00:00:00
----------------------------------------------------------

7/8 Testing: MakeProductTest.ProductDistribution
7/8 Test: MakeProductTest.ProductDistribution
Command: "/Users/rasat1/Documents/code/projects/spinor_algebra/build/spinor_tests" "--gtest_filter=MakeProductTest.ProductDistribution" "--gtest_also_run_disabled_tests"
Directory: /Users/rasat1/Documents/code/projects/spinor_algebra/build
"MakeProductTest.ProductDistribution" start time: Sep 20 12:15 CEST
Output:
----------------------------------------------------------
Running main() from /Users/rasat1/Documents/code/projects/spinor_algebra/build/_deps/googletest-src/googletest/src/gtest_main.cc
Note: Google Test filter = MakeProductTest.ProductDistribution
[==========] Running 1 test from 1 test suite.
[----------] Global test environment set-up.
[----------] 1 test from MakeProductTest
[ RUN      ] MakeProductTest.ProductDistribution
(6*<4 1>[1 0] + -2*<4 1>[3 2])
[       OK ] MakeProductTest.ProductDistribution (0 ms)
[----------] 1 test from MakeProductTest (0 ms total)

[----------] Global test environment tear-down
[==========] 1 test from 1 test suite ran. (0 ms total)
[  PASSED  ] 1 test.
<end of output>
Test time =   0.00 sec
----------------------------------------------------------
Test Passed.
"MakeProductTest.ProductDistribution" end time: Sep 20 12:15 CEST
"MakeProductTest.ProductDistribution" time elapsed: 00:00:00
----------------------------------------------------------

8/8 Testing: MakeProductTest.MultipleSums
8/8 Test: MakeProductTest.MultipleSums
Command: "/Users/rasat1/Documents/code/projects/spinor_algebra/build/spinor_tests" "--gtest_filter=MakeProductTest.MultipleSums" "--gtest_also_run_disabled_tests"
Directory: /Users/rasat1/Documents/code/projects/spinor_algebra/build
"MakeProductTest.MultipleSums" start time: Sep 20 12:15 CEST
Output:
----------------------------------------------------------
Running main() from /Users/rasat1/Documents/code/projects/spinor_algebra/build/_deps/googletest-src/googletest/src/gtest_main.cc
Note: Google Test filter = MakeProductTest.MultipleSums
[==========] Running 1 test from 1 test suite.
[----------] Global test environment set-up.
[----------] 1 test from MakeProductTest
[ RUN      ] MakeProductTest.MultipleSums
(-1*<3 0><4 1> + <3 0>[1 0] + -1*<4 1>[3 2] + [1 0][3 2])
[       OK ] MakeProductTest.MultipleSums (0 ms)
[----------] 1 test from MakeProductTest (0 ms total)

[----------] Global test environment tear-down
[==========] 1 test from 1 test suite ran. (0 ms total)
[  PASSED  ] 1 test.
<end of output>
Test time =   0.01 sec
----------------------------------------------------------
Test Passed.
"MakeProductTest.MultipleSums" end time: Sep 20 12:15 CEST
"MakeProductTest.MultipleSums" time elapsed: 00:00:00
----------------------------------------------------------

End testing: Sep 20 12:15 CEST
